<?xml version="1.0" encoding="UTF-8"?>
<testng-results skipped="0" failed="0" ignored="0" total="1" passed="1">
  <reporter-output>
  </reporter-output>
  <suite name="Suite" duration-ms="4192" started-at="2021-03-17T23:27:00 EDT" finished-at="2021-03-17T23:27:04 EDT">
    <groups>
    </groups>
    <test name="Test" duration-ms="4192" started-at="2021-03-17T23:27:00 EDT" finished-at="2021-03-17T23:27:04 EDT">
      <class name="test.TestEx">
        <test-method status="PASS" signature="setUp()[pri:0, instance:test.TestEx@1877ab81]" name="setUp" is-config="true" duration-ms="3242" started-at="2021-03-17T23:27:00 EDT" finished-at="2021-03-17T23:27:03 EDT">
          <reporter-output>
          </reporter-output>
        </test-method> <!-- setUp -->
        <test-method status="PASS" signature="testExample()[pri:0, instance:test.TestEx@1877ab81]" name="testExample" duration-ms="265" started-at="2021-03-17T23:27:03 EDT" finished-at="2021-03-17T23:27:03 EDT">
          <reporter-output>
          </reporter-output>
        </test-method> <!-- testExample -->
        <test-method status="PASS" signature="tearDown()[pri:0, instance:test.TestEx@1877ab81]" name="tearDown" is-config="true" duration-ms="657" started-at="2021-03-17T23:27:03 EDT" finished-at="2021-03-17T23:27:04 EDT">
          <reporter-output>
          </reporter-output>
        </test-method> <!-- tearDown -->
      </class> <!-- test.TestEx -->
    </test> <!-- Test -->
  </suite> <!-- Suite -->
</testng-results>
